[35m[Appium][39m Welcome to Appium v1.22.3
[35m[Appium][39m Non-default server args:
[35m[Appium][39m   port: 55619
[35m[Appium][39m   loglevel: info
[35m[Appium][39m   tmpDir: C:\Users\Iqbal\AppData\Local\Temp\\Katalon\Appium\Temp1690084051736
[35m[Appium][39m   chromedriverPort: 55620
[35m[Appium][39m Deprecated server args:
[35m[Appium][39m   [31m--chromedriver-port[39m => --default-capabilities
[35m[Appium][39m Default capabilities, which will be added to each request unless overridden by desired capabilities:
[35m[Appium][39m   chromedriverPort: 55620
[35m[Appium][39m Appium REST http interface listener started on 0.0.0.0:55619
[35m[HTTP][39m [37m-->[39m [37mGET[39m [37m/wd/hub/status[39m
[35m[HTTP][39m [90m{}[39m
[35m[HTTP][39m [37m<-- GET /wd/hub/status [39m[32m200[39m [90m6 ms - 68[39m
[35m[HTTP][39m [90m[39m
[35m[HTTP][39m [37m-->[39m [37mGET[39m [37m/wd/hub/status[39m
[35m[HTTP][39m [90m{}[39m
[35m[HTTP][39m [37m<-- GET /wd/hub/status [39m[32m200[39m [90m1 ms - 68[39m
[35m[HTTP][39m [90m[39m
[35m[HTTP][39m [37m-->[39m [37mPOST[39m [37m/wd/hub/session[39m
[35m[HTTP][39m [90m{"desiredCapabilities":{"appPackage":"com.android.settings","appWaitActivity":"","appWaitForLunch":"","deviceId":"","deviceName":"samsung SM-A515F (Android 13)","platform":"ANDROID","appActivity":".Settings","newCommandTimeout":1800,"platformVersion":"13","automationName":"uiautomator2","autoGrantPermissions":true,"platformName":"Android","udid":"RR8NA0BNMJP","systemPort":8257},"capabilities":{"firstMatch":[{"appium:appActivity":".Settings","appium:appPackage":"com.android.settings","appium:appWaitActivity":"","appWaitForLunch":"","appium:autoGrantPermissions":true,"appium:automationName":"uiautomator2","deviceId":"","appium:deviceName":"samsung SM-A515F (Android 13)","appium:newCommandTimeout":1800,"platform":"ANDROID","platformName":"android","appium:platformVersion":"13","appium:systemPort":8257,"appium:udid":"RR8NA0BNMJP"}]}}[39m
[35m[BaseDriver][39m The following capabilities are not standard capabilities and should have an extension prefix:
[35m[BaseDriver][39m   appWaitForLunch
[35m[BaseDriver][39m   deviceId
[35m[BaseDriver][39m   platform
[35m[BaseDriver][39m   chromedriverPort
[35m[Appium][39m Appium v1.22.3 creating new AndroidUiautomator2Driver (v1.70.1) session
[35m[BaseDriver][39m The following capabilities were provided, but are not recognized by Appium:
[35m[BaseDriver][39m   appWaitForLunch
[35m[BaseDriver][39m   deviceId
[35m[BaseDriver][39m   platform
[35m[BaseDriver][39m Session created with session id: 30cabd0d-65f9-418e-b35e-bc542a4d6417
[35m[UiAutomator2][39m Starting 'com.android.settings' directly on the device
[35m[ADB][39m Found 1 'build-tools' folders under 'C:\Users\Iqbal\AppData\Local\Android\Sdk' (newest first):
[35m[ADB][39m     C:/Users/Iqbal/AppData/Local/Android/Sdk/build-tools/34.0.0
[35m[ADB][39m Using 'adb.exe' from 'C:\Users\Iqbal\AppData\Local\Android\Sdk\platform-tools\adb.exe'
[35m[AndroidDriver][39m Retrieving device list
[35m[AndroidDriver][39m Using device: RR8NA0BNMJP
[35m[ADB][39m Using 'adb.exe' from 'C:\Users\Iqbal\AppData\Local\Android\Sdk\platform-tools\adb.exe'
[35m[ADB][39m Getting device platform version
[35m[UiAutomator2][39m Relaxing hidden api policy
[35m[AndroidDriver][39m No app sent in, not parsing package/activity
[35m[ADB][39m Using 'apksigner.jar' from 'C:\Users\Iqbal\AppData\Local\Android\Sdk\build-tools\34.0.0\lib\apksigner.jar'
[35m[ADB][39m 'C:\Users\Iqbal\AppData\Roaming\npm\node_modules\appium\node_modules\appium-uiautomator2-server\apks\appium-uiautomator2-server-v4.27.0.apk' is signed with the default certificate
[35m[ADB][39m 'C:\Users\Iqbal\AppData\Roaming\npm\node_modules\appium\node_modules\appium-uiautomator2-server\apks\appium-uiautomator2-server-debug-androidTest.apk' is signed with the default certificate
[35m[UiAutomator2][39m Server packages are not going to be (re)installed
[35m[ADB][39m Adding packages ["io.appium.settings","io.appium.uiautomator2.server","io.appium.uiautomator2.server.test"] to Doze whitelist
[35m[UiAutomator2][39m Starting UIAutomator2 server 4.27.0
[35m[UiAutomator2][39m Using UIAutomator2 server from 'C:\Users\Iqbal\AppData\Roaming\npm\node_modules\appium\node_modules\appium-uiautomator2-server\apks\appium-uiautomator2-server-v4.27.0.apk' and test from 'C:\Users\Iqbal\AppData\Roaming\npm\node_modules\appium\node_modules\appium-uiautomator2-server\apks\appium-uiautomator2-server-debug-androidTest.apk'
[35m[UiAutomator2][39m Waiting up to 30000ms for UiAutomator2 to be online...
[35m[WD Proxy][39m socket hang up
[35m[WD Proxy][39m socket hang up
[35m[WD Proxy][39m socket hang up
[35m[WD Proxy][39m Determined the downstream protocol as 'W3C'
[35m[AndroidDriver][39m Screen already unlocked, doing nothing
[35m[UiAutomator2][39m Starting 'com.android.settings/.Settings and waiting for 'com.android.settings/.Settings'
[35m[Appium][39m New AndroidUiautomator2Driver session created successfully, session 30cabd0d-65f9-418e-b35e-bc542a4d6417 added to master session list
[35m[HTTP][39m [37m<-- POST /wd/hub/session [39m[32m200[39m [90m10507 ms - 1270[39m
[35m[HTTP][39m [90m[39m
[35m[HTTP][39m [37m-->[39m [37mGET[39m [37m/wd/hub/session/30cabd0d-65f9-418e-b35e-bc542a4d6417[39m
[35m[HTTP][39m [90m{}[39m
[35m[HTTP][39m [37m<-- GET /wd/hub/session/30cabd0d-65f9-418e-b35e-bc542a4d6417 [39m[32m200[39m [90m13 ms - 1224[39m
[35m[HTTP][39m [90m[39m
[35m[HTTP][39m [37m-->[39m [37mGET[39m [37m/wd/hub/session/30cabd0d-65f9-418e-b35e-bc542a4d6417[39m
[35m[HTTP][39m [90m{}[39m
[35m[HTTP][39m [37m<-- GET /wd/hub/session/30cabd0d-65f9-418e-b35e-bc542a4d6417 [39m[32m200[39m [90m15 ms - 1224[39m
[35m[HTTP][39m [90m[39m
[35m[HTTP][39m [37m-->[39m [37mGET[39m [37m/wd/hub/status[39m
[35m[HTTP][39m [90m{}[39m
[35m[HTTP][39m [37m<-- GET /wd/hub/status [39m[32m200[39m [90m1 ms - 68[39m
[35m[HTTP][39m [90m[39m
[35m[HTTP][39m [37m-->[39m [37mPOST[39m [37m/wd/hub/session/30cabd0d-65f9-418e-b35e-bc542a4d6417/timeouts[39m
[35m[HTTP][39m [90m{"implicit":60000}[39m
[35m[HTTP][39m [37m<-- POST /wd/hub/session/30cabd0d-65f9-418e-b35e-bc542a4d6417/timeouts [39m[32m200[39m [90m3 ms - 14[39m
[35m[HTTP][39m [90m[39m
[35m[HTTP][39m [37m-->[39m [37mGET[39m [37m/wd/hub/session/30cabd0d-65f9-418e-b35e-bc542a4d6417/screenshot[39m
[35m[HTTP][39m [90m{}[39m
[35m[HTTP][39m [37m<-- GET /wd/hub/session/30cabd0d-65f9-418e-b35e-bc542a4d6417/screenshot [39m[32m200[39m [90m800 ms - 232568[39m
[35m[HTTP][39m [90m[39m
[35m[HTTP][39m [37m-->[39m [37mGET[39m [37m/wd/hub/session/30cabd0d-65f9-418e-b35e-bc542a4d6417/window/rect[39m
[35m[HTTP][39m [90m{}[39m
[35m[HTTP][39m [37m<-- GET /wd/hub/session/30cabd0d-65f9-418e-b35e-bc542a4d6417/window/rect [39m[32m200[39m [90m28 ms - 50[39m
[35m[HTTP][39m [90m[39m
[35m[HTTP][39m [37m-->[39m [37mGET[39m [37m/wd/hub/session/30cabd0d-65f9-418e-b35e-bc542a4d6417/appium/device/system_bars[39m
[35m[HTTP][39m [90m{}[39m
[35m[HTTP][39m [37m<-- GET /wd/hub/session/30cabd0d-65f9-418e-b35e-bc542a4d6417/appium/device/system_bars [39m[32m200[39m [90m168 ms - 145[39m
[35m[HTTP][39m [90m[39m
[35m[HTTP][39m [37m-->[39m [37mPOST[39m [37m/wd/hub/session/30cabd0d-65f9-418e-b35e-bc542a4d6417/appium/device/activate_app[39m
[35m[HTTP][39m [90m{"bundleId":"id.binar.fp.secondhand"}[39m
[35m[HTTP][39m [37m<-- POST /wd/hub/session/30cabd0d-65f9-418e-b35e-bc542a4d6417/appium/device/activate_app [39m[32m200[39m [90m733 ms - 14[39m
[35m[HTTP][39m [90m[39m
[35m[HTTP][39m [37m-->[39m [37mGET[39m [37m/wd/hub/session/30cabd0d-65f9-418e-b35e-bc542a4d6417/source[39m
[35m[HTTP][39m [90m{}[39m
[35m[W3C (30cabd0d)][39m Driver proxy active, passing request on via HTTP proxy
[35m[WD Proxy][39m Replacing sessionId 30698ce8-93bb-4997-ac6f-2e185217a2a1 with 30cabd0d-65f9-418e-b35e-bc542a4d6417
[35m[HTTP][39m [37m<-- GET /wd/hub/session/30cabd0d-65f9-418e-b35e-bc542a4d6417/source [39m[32m200[39m [90m3111 ms - 45156[39m
[35m[HTTP][39m [90m[39m
[35m[HTTP][39m [37m-->[39m [37mGET[39m [37m/wd/hub/session/30cabd0d-65f9-418e-b35e-bc542a4d6417/screenshot[39m
[35m[HTTP][39m [90m{}[39m
[35m[HTTP][39m [37m<-- GET /wd/hub/session/30cabd0d-65f9-418e-b35e-bc542a4d6417/screenshot [39m[32m200[39m [90m1486 ms - 1547382[39m
[35m[HTTP][39m [90m[39m
[35m[HTTP][39m [37m-->[39m [37mPOST[39m [37m/wd/hub/session/30cabd0d-65f9-418e-b35e-bc542a4d6417/elements[39m
[35m[HTTP][39m [90m{"using":"xpath","value":"//*[@class = 'android.widget.EditText' and (@text = 'Powerbank Putih Kel 3' or . = 'Powerbank Putih Kel 3') and @resource-id = 'id.binar.fp.secondhand:id/et_search']"}[39m
[35m[HTTP][39m [37m<-- POST /wd/hub/session/30cabd0d-65f9-418e-b35e-bc542a4d6417/elements [39m[32m200[39m [90m884 ms - 139[39m
[35m[HTTP][39m [90m[39m
[35m[HTTP][39m [37m-->[39m [37mGET[39m [37m/wd/hub/session/30cabd0d-65f9-418e-b35e-bc542a4d6417/window/rect[39m
[35m[HTTP][39m [90m{}[39m
[35m[HTTP][39m [37m<-- GET /wd/hub/session/30cabd0d-65f9-418e-b35e-bc542a4d6417/window/rect [39m[32m200[39m [90m12 ms - 50[39m
[35m[HTTP][39m [90m[39m
[35m[HTTP][39m [37m-->[39m [37mPOST[39m [37m/wd/hub/session/30cabd0d-65f9-418e-b35e-bc542a4d6417/elements[39m
[35m[HTTP][39m [90m{"using":"xpath","value":"//*[@class = 'android.widget.EditText' and (@text = 'Powerbank Putih Kel 3' or . = 'Powerbank Putih Kel 3') and @resource-id = 'id.binar.fp.secondhand:id/et_search']"}[39m
[35m[HTTP][39m [37m<-- POST /wd/hub/session/30cabd0d-65f9-418e-b35e-bc542a4d6417/elements [39m[32m200[39m [90m1248 ms - 139[39m
[35m[HTTP][39m [90m[39m
[35m[HTTP][39m [37m-->[39m [37mGET[39m [37m/wd/hub/session/30cabd0d-65f9-418e-b35e-bc542a4d6417/element/00000000-0000-0cec-ffff-ffff000003a9/location[39m
[35m[HTTP][39m [90m{}[39m
[35m[W3C (30cabd0d)][39m Driver proxy active, passing request on via HTTP proxy
[35m[WD Proxy][39m Replacing sessionId 30698ce8-93bb-4997-ac6f-2e185217a2a1 with 30cabd0d-65f9-418e-b35e-bc542a4d6417
[35m[HTTP][39m [37m<-- GET /wd/hub/session/30cabd0d-65f9-418e-b35e-bc542a4d6417/element/00000000-0000-0cec-ffff-ffff000003a9/location [39m[32m200[39m [90m26 ms - 77[39m
[35m[HTTP][39m [90m[39m
[35m[HTTP][39m [37m-->[39m [37mPOST[39m [37m/wd/hub/session/30cabd0d-65f9-418e-b35e-bc542a4d6417/element/00000000-0000-0cec-ffff-ffff000003a9/clear[39m
[35m[HTTP][39m [90m{"id":"00000000-0000-0cec-ffff-ffff000003a9"}[39m
[35m[HTTP][39m [37m<-- POST /wd/hub/session/30cabd0d-65f9-418e-b35e-bc542a4d6417/element/00000000-0000-0cec-ffff-ffff000003a9/clear [39m[32m200[39m [90m41 ms - 14[39m
[35m[HTTP][39m [90m[39m
[35m[HTTP][39m [37m-->[39m [37mPOST[39m [37m/wd/hub/session/30cabd0d-65f9-418e-b35e-bc542a4d6417/element/00000000-0000-0cec-ffff-ffff000003a9/value[39m
[35m[HTTP][39m [90m{"id":"00000000-0000-0cec-ffff-ffff000003a9","text":"Powerbank Putih Kel 3","value":["P","o","w","e","r","b","a","n","k"," ","P","u","t","i","h"," ","K","e","l"," ","3"]}[39m
[35m[HTTP][39m [37m<-- POST /wd/hub/session/30cabd0d-65f9-418e-b35e-bc542a4d6417/element/00000000-0000-0cec-ffff-ffff000003a9/value [39m[32m200[39m [90m1051 ms - 14[39m
[35m[HTTP][39m [90m[39m
[35m[HTTP][39m [37m-->[39m [37mGET[39m [37m/wd/hub/session/30cabd0d-65f9-418e-b35e-bc542a4d6417/source[39m
[35m[HTTP][39m [90m{}[39m
[35m[W3C (30cabd0d)][39m Driver proxy active, passing request on via HTTP proxy
[35m[WD Proxy][39m Replacing sessionId 30698ce8-93bb-4997-ac6f-2e185217a2a1 with 30cabd0d-65f9-418e-b35e-bc542a4d6417
[35m[HTTP][39m [37m<-- GET /wd/hub/session/30cabd0d-65f9-418e-b35e-bc542a4d6417/source [39m[32m200[39m [90m1111 ms - 44992[39m
[35m[HTTP][39m [90m[39m
[35m[HTTP][39m [37m-->[39m [37mGET[39m [37m/wd/hub/session/30cabd0d-65f9-418e-b35e-bc542a4d6417/screenshot[39m
[35m[HTTP][39m [90m{}[39m
[35m[HTTP][39m [37m<-- GET /wd/hub/session/30cabd0d-65f9-418e-b35e-bc542a4d6417/screenshot [39m[32m200[39m [90m1484 ms - 1622158[39m
[35m[HTTP][39m [90m[39m
[35m[HTTP][39m [37m-->[39m [37mPOST[39m [37m/wd/hub/session/30cabd0d-65f9-418e-b35e-bc542a4d6417/elements[39m
[35m[HTTP][39m [90m{"using":"xpath","value":"//*[@class = 'android.widget.EditText' and (@text = 'Powerbank Putih Kel 3' or . = 'Powerbank Putih Kel 3') and @resource-id = 'id.binar.fp.secondhand:id/et_search']"}[39m
[35m[HTTP][39m [37m<-- POST /wd/hub/session/30cabd0d-65f9-418e-b35e-bc542a4d6417/elements [39m[32m200[39m [90m517 ms - 139[39m
[35m[HTTP][39m [90m[39m
[35m[HTTP][39m [37m-->[39m [37mGET[39m [37m/wd/hub/session/30cabd0d-65f9-418e-b35e-bc542a4d6417/window/rect[39m
[35m[HTTP][39m [90m{}[39m
[35m[HTTP][39m [37m<-- GET /wd/hub/session/30cabd0d-65f9-418e-b35e-bc542a4d6417/window/rect [39m[32m200[39m [90m12 ms - 50[39m
[35m[HTTP][39m [90m[39m
[35m[HTTP][39m [37m-->[39m [37mPOST[39m [37m/wd/hub/session/30cabd0d-65f9-418e-b35e-bc542a4d6417/elements[39m
[35m[HTTP][39m [90m{"using":"xpath","value":"//*[@class = 'android.widget.EditText' and (@text = 'Powerbank Putih Kel 3' or . = 'Powerbank Putih Kel 3') and @resource-id = 'id.binar.fp.secondhand:id/et_search']"}[39m
[35m[HTTP][39m [37m<-- POST /wd/hub/session/30cabd0d-65f9-418e-b35e-bc542a4d6417/elements [39m[32m200[39m [90m967 ms - 139[39m
[35m[HTTP][39m [90m[39m
[35m[HTTP][39m [37m-->[39m [37mGET[39m [37m/wd/hub/session/30cabd0d-65f9-418e-b35e-bc542a4d6417/element/00000000-0000-0cec-ffff-ffff000003a9/location[39m
[35m[HTTP][39m [90m{}[39m
[35m[W3C (30cabd0d)][39m Driver proxy active, passing request on via HTTP proxy
[35m[WD Proxy][39m Replacing sessionId 30698ce8-93bb-4997-ac6f-2e185217a2a1 with 30cabd0d-65f9-418e-b35e-bc542a4d6417
[35m[HTTP][39m [37m<-- GET /wd/hub/session/30cabd0d-65f9-418e-b35e-bc542a4d6417/element/00000000-0000-0cec-ffff-ffff000003a9/location [39m[32m200[39m [90m27 ms - 77[39m
[35m[HTTP][39m [90m[39m
[35m[HTTP][39m [37m-->[39m [37mPOST[39m [37m/wd/hub/session/30cabd0d-65f9-418e-b35e-bc542a4d6417/touch/perform[39m
[35m[HTTP][39m [90m{"actions":[{"action":"longPress","options":{"element":"00000000-0000-0cec-ffff-ffff000003a9"}},{"action":"release","options":{}}]}[39m
[35m[UiAutomator2][39m calling get location: 00000000-0000-0cec-ffff-ffff000003a9
[35m[HTTP][39m [37m<-- POST /wd/hub/session/30cabd0d-65f9-418e-b35e-bc542a4d6417/touch/perform [39m[32m200[39m [90m2688 ms - 14[39m
[35m[HTTP][39m [90m[39m
[35m[HTTP][39m [37m-->[39m [37mGET[39m [37m/wd/hub/session/30cabd0d-65f9-418e-b35e-bc542a4d6417/source[39m
[35m[HTTP][39m [90m{}[39m
[35m[W3C (30cabd0d)][39m Driver proxy active, passing request on via HTTP proxy
[35m[WD Proxy][39m Replacing sessionId 30698ce8-93bb-4997-ac6f-2e185217a2a1 with 30cabd0d-65f9-418e-b35e-bc542a4d6417
[35m[HTTP][39m [37m<-- GET /wd/hub/session/30cabd0d-65f9-418e-b35e-bc542a4d6417/source [39m[32m200[39m [90m211 ms - 25483[39m
[35m[HTTP][39m [90m[39m
[35m[HTTP][39m [37m-->[39m [37mGET[39m [37m/wd/hub/session/30cabd0d-65f9-418e-b35e-bc542a4d6417/screenshot[39m
[35m[HTTP][39m [90m{}[39m
[35m[HTTP][39m [37m<-- GET /wd/hub/session/30cabd0d-65f9-418e-b35e-bc542a4d6417/screenshot [39m[32m200[39m [90m817 ms - 163838[39m
[35m[HTTP][39m [90m[39m
[35m[HTTP][39m [37m-->[39m [37mPOST[39m [37m/wd/hub/session/30cabd0d-65f9-418e-b35e-bc542a4d6417/elements[39m
[35m[HTTP][39m [90m{"using":"xpath","value":"//*[@class = 'android.widget.EditText' and (@text = 'Cari di Second Chance' or . = 'Cari di Second Chance') and @resource-id = 'id.binar.fp.secondhand:id/et_search']"}[39m
[35m[HTTP][39m [37m<-- POST /wd/hub/session/30cabd0d-65f9-418e-b35e-bc542a4d6417/elements [39m[32m200[39m [90m280 ms - 139[39m
[35m[HTTP][39m [90m[39m
[35m[HTTP][39m [37m-->[39m [37mGET[39m [37m/wd/hub/session/30cabd0d-65f9-418e-b35e-bc542a4d6417/window/rect[39m
[35m[HTTP][39m [90m{}[39m
[35m[HTTP][39m [37m<-- GET /wd/hub/session/30cabd0d-65f9-418e-b35e-bc542a4d6417/window/rect [39m[32m200[39m [90m16 ms - 50[39m
[35m[HTTP][39m [90m[39m
[35m[HTTP][39m [37m-->[39m [37mPOST[39m [37m/wd/hub/session/30cabd0d-65f9-418e-b35e-bc542a4d6417/elements[39m
[35m[HTTP][39m [90m{"using":"xpath","value":"//*[@class = 'android.widget.EditText' and (@text = 'Cari di Second Chance' or . = 'Cari di Second Chance') and @resource-id = 'id.binar.fp.secondhand:id/et_search']"}[39m
[35m[HTTP][39m [37m<-- POST /wd/hub/session/30cabd0d-65f9-418e-b35e-bc542a4d6417/elements [39m[32m200[39m [90m692 ms - 139[39m
[35m[HTTP][39m [90m[39m
[35m[HTTP][39m [37m-->[39m [37mGET[39m [37m/wd/hub/session/30cabd0d-65f9-418e-b35e-bc542a4d6417/element/00000000-0000-0cec-ffff-ffff00000838/location[39m
[35m[HTTP][39m [90m{}[39m
[35m[W3C (30cabd0d)][39m Driver proxy active, passing request on via HTTP proxy
[35m[WD Proxy][39m Replacing sessionId 30698ce8-93bb-4997-ac6f-2e185217a2a1 with 30cabd0d-65f9-418e-b35e-bc542a4d6417
[35m[HTTP][39m [37m<-- GET /wd/hub/session/30cabd0d-65f9-418e-b35e-bc542a4d6417/element/00000000-0000-0cec-ffff-ffff00000838/location [39m[32m200[39m [90m29 ms - 78[39m
[35m[HTTP][39m [90m[39m
[35m[HTTP][39m [37m-->[39m [37mPOST[39m [37m/wd/hub/session/30cabd0d-65f9-418e-b35e-bc542a4d6417/element/00000000-0000-0cec-ffff-ffff00000838/clear[39m
[35m[HTTP][39m [90m{"id":"00000000-0000-0cec-ffff-ffff00000838"}[39m
[35m[HTTP][39m [37m<-- POST /wd/hub/session/30cabd0d-65f9-418e-b35e-bc542a4d6417/element/00000000-0000-0cec-ffff-ffff00000838/clear [39m[32m200[39m [90m47 ms - 14[39m
[35m[HTTP][39m [90m[39m
[35m[HTTP][39m [37m-->[39m [37mPOST[39m [37m/wd/hub/session/30cabd0d-65f9-418e-b35e-bc542a4d6417/element/00000000-0000-0cec-ffff-ffff00000838/value[39m
[35m[HTTP][39m [90m{"id":"00000000-0000-0cec-ffff-ffff00000838","text":"Powerbank Putih Kel 3","value":["P","o","w","e","r","b","a","n","k"," ","P","u","t","i","h"," ","K","e","l"," ","3"]}[39m
[35m[HTTP][39m [37m<-- POST /wd/hub/session/30cabd0d-65f9-418e-b35e-bc542a4d6417/element/00000000-0000-0cec-ffff-ffff00000838/value [39m[32m200[39m [90m1693 ms - 14[39m
[35m[HTTP][39m [90m[39m
[35m[HTTP][39m [37m-->[39m [37mGET[39m [37m/wd/hub/session/30cabd0d-65f9-418e-b35e-bc542a4d6417/source[39m
[35m[HTTP][39m [90m{}[39m
[35m[W3C (30cabd0d)][39m Driver proxy active, passing request on via HTTP proxy
[35m[WD Proxy][39m Replacing sessionId 30698ce8-93bb-4997-ac6f-2e185217a2a1 with 30cabd0d-65f9-418e-b35e-bc542a4d6417
[35m[HTTP][39m [37m<-- GET /wd/hub/session/30cabd0d-65f9-418e-b35e-bc542a4d6417/source [39m[32m200[39m [90m957 ms - 37244[39m
[35m[HTTP][39m [90m[39m
[35m[HTTP][39m [37m-->[39m [37mGET[39m [37m/wd/hub/session/30cabd0d-65f9-418e-b35e-bc542a4d6417/screenshot[39m
[35m[HTTP][39m [90m{}[39m
[35m[HTTP][39m [37m<-- GET /wd/hub/session/30cabd0d-65f9-418e-b35e-bc542a4d6417/screenshot [39m[32m200[39m [90m799 ms - 173932[39m
[35m[HTTP][39m [90m[39m
[35m[HTTP][39m [37m-->[39m [37mPOST[39m [37m/wd/hub/session/30cabd0d-65f9-418e-b35e-bc542a4d6417/elements[39m
[35m[HTTP][39m [90m{"using":"xpath","value":"//*[@class = 'android.widget.TextView' and @resource-id = 'id.binar.fp.secondhand:id/tv_product_price' and (@text = '' or . = '')]"}[39m
[35m[HTTP][39m [37m<-- POST /wd/hub/session/30cabd0d-65f9-418e-b35e-bc542a4d6417/elements [39m[32m200[39m [90m377 ms - 139[39m
[35m[HTTP][39m [90m[39m
[35m[HTTP][39m [37m-->[39m [37mGET[39m [37m/wd/hub/session/30cabd0d-65f9-418e-b35e-bc542a4d6417/window/rect[39m
[35m[HTTP][39m [90m{}[39m
[35m[HTTP][39m [37m<-- GET /wd/hub/session/30cabd0d-65f9-418e-b35e-bc542a4d6417/window/rect [39m[32m200[39m [90m16 ms - 50[39m
[35m[HTTP][39m [90m[39m
[35m[HTTP][39m [37m-->[39m [37mPOST[39m [37m/wd/hub/session/30cabd0d-65f9-418e-b35e-bc542a4d6417/elements[39m
[35m[HTTP][39m [90m{"using":"xpath","value":"//*[@class = 'android.widget.TextView' and @resource-id = 'id.binar.fp.secondhand:id/tv_product_price' and (@text = '' or . = '')]"}[39m
[35m[HTTP][39m [37m<-- POST /wd/hub/session/30cabd0d-65f9-418e-b35e-bc542a4d6417/elements [39m[32m200[39m [90m395 ms - 139[39m
[35m[HTTP][39m [90m[39m
[35m[HTTP][39m [37m-->[39m [37mGET[39m [37m/wd/hub/session/30cabd0d-65f9-418e-b35e-bc542a4d6417/element/00000000-0000-0cec-ffff-ffff00000887/location[39m
[35m[HTTP][39m [90m{}[39m
[35m[W3C (30cabd0d)][39m Driver proxy active, passing request on via HTTP proxy
[35m[WD Proxy][39m Replacing sessionId 30698ce8-93bb-4997-ac6f-2e185217a2a1 with 30cabd0d-65f9-418e-b35e-bc542a4d6417
[35m[HTTP][39m [37m<-- GET /wd/hub/session/30cabd0d-65f9-418e-b35e-bc542a4d6417/element/00000000-0000-0cec-ffff-ffff00000887/location [39m[32m200[39m [90m26 ms - 78[39m
[35m[HTTP][39m [90m[39m
[35m[HTTP][39m [37m-->[39m [37mPOST[39m [37m/wd/hub/session/30cabd0d-65f9-418e-b35e-bc542a4d6417/element/00000000-0000-0cec-ffff-ffff00000887/click[39m
[35m[HTTP][39m [90m{"id":"00000000-0000-0cec-ffff-ffff00000887"}[39m
[35m[HTTP][39m [37m<-- POST /wd/hub/session/30cabd0d-65f9-418e-b35e-bc542a4d6417/element/00000000-0000-0cec-ffff-ffff00000887/click [39m[32m200[39m [90m102 ms - 14[39m
[35m[HTTP][39m [90m[39m
[35m[HTTP][39m [37m-->[39m [37mGET[39m [37m/wd/hub/session/30cabd0d-65f9-418e-b35e-bc542a4d6417/source[39m
[35m[HTTP][39m [90m{}[39m
[35m[W3C (30cabd0d)][39m Driver proxy active, passing request on via HTTP proxy
[35m[WD Proxy][39m Replacing sessionId 30698ce8-93bb-4997-ac6f-2e185217a2a1 with 30cabd0d-65f9-418e-b35e-bc542a4d6417
[35m[HTTP][39m [37m<-- GET /wd/hub/session/30cabd0d-65f9-418e-b35e-bc542a4d6417/source [39m[32m200[39m [90m1307 ms - 50638[39m
[35m[HTTP][39m [90m[39m
[35m[HTTP][39m [37m-->[39m [37mGET[39m [37m/wd/hub/session/30cabd0d-65f9-418e-b35e-bc542a4d6417/screenshot[39m
[35m[HTTP][39m [90m{}[39m
[35m[HTTP][39m [37m<-- GET /wd/hub/session/30cabd0d-65f9-418e-b35e-bc542a4d6417/screenshot [39m[32m200[39m [90m919 ms - 351394[39m
[35m[HTTP][39m [90m[39m
[35m[HTTP][39m [37m-->[39m [37mPOST[39m [37m/wd/hub/session/30cabd0d-65f9-418e-b35e-bc542a4d6417/elements[39m
[35m[HTTP][39m [90m{"using":"xpath","value":"//*[@class = 'android.widget.Button' and (@text = 'Saya Tertarik dan Ingin Nego' or . = 'Saya Tertarik dan Ingin Nego') and @resource-id = 'id.binar.fp.secondhand:id/btn_bid']"}[39m
[35m[HTTP][39m [37m<-- POST /wd/hub/session/30cabd0d-65f9-418e-b35e-bc542a4d6417/elements [39m[32m200[39m [90m530 ms - 139[39m
[35m[HTTP][39m [90m[39m
[35m[HTTP][39m [37m-->[39m [37mGET[39m [37m/wd/hub/session/30cabd0d-65f9-418e-b35e-bc542a4d6417/window/rect[39m
[35m[HTTP][39m [90m{}[39m
[35m[HTTP][39m [37m<-- GET /wd/hub/session/30cabd0d-65f9-418e-b35e-bc542a4d6417/window/rect [39m[32m200[39m [90m10 ms - 50[39m
[35m[HTTP][39m [90m[39m
[35m[HTTP][39m [37m-->[39m [37mPOST[39m [37m/wd/hub/session/30cabd0d-65f9-418e-b35e-bc542a4d6417/elements[39m
[35m[HTTP][39m [90m{"using":"xpath","value":"//*[@class = 'android.widget.Button' and (@text = 'Saya Tertarik dan Ingin Nego' or . = 'Saya Tertarik dan Ingin Nego') and @resource-id = 'id.binar.fp.secondhand:id/btn_bid']"}[39m
[35m[HTTP][39m [37m<-- POST /wd/hub/session/30cabd0d-65f9-418e-b35e-bc542a4d6417/elements [39m[32m200[39m [90m465 ms - 139[39m
[35m[HTTP][39m [90m[39m
[35m[HTTP][39m [37m-->[39m [37mGET[39m [37m/wd/hub/session/30cabd0d-65f9-418e-b35e-bc542a4d6417/element/00000000-0000-0cec-ffff-ffff000008be/location[39m
[35m[HTTP][39m [90m{}[39m
[35m[W3C (30cabd0d)][39m Driver proxy active, passing request on via HTTP proxy
[35m[WD Proxy][39m Replacing sessionId 30698ce8-93bb-4997-ac6f-2e185217a2a1 with 30cabd0d-65f9-418e-b35e-bc542a4d6417
[35m[HTTP][39m [37m<-- GET /wd/hub/session/30cabd0d-65f9-418e-b35e-bc542a4d6417/element/00000000-0000-0cec-ffff-ffff000008be/location [39m[32m200[39m [90m20 ms - 78[39m
[35m[HTTP][39m [90m[39m
[35m[HTTP][39m [37m-->[39m [37mPOST[39m [37m/wd/hub/session/30cabd0d-65f9-418e-b35e-bc542a4d6417/element/00000000-0000-0cec-ffff-ffff000008be/click[39m
[35m[HTTP][39m [90m{"id":"00000000-0000-0cec-ffff-ffff000008be"}[39m
[35m[HTTP][39m [37m<-- POST /wd/hub/session/30cabd0d-65f9-418e-b35e-bc542a4d6417/element/00000000-0000-0cec-ffff-ffff000008be/click [39m[32m200[39m [90m114 ms - 14[39m
[35m[HTTP][39m [90m[39m
[35m[HTTP][39m [37m-->[39m [37mGET[39m [37m/wd/hub/session/30cabd0d-65f9-418e-b35e-bc542a4d6417/source[39m
[35m[HTTP][39m [90m{}[39m
[35m[W3C (30cabd0d)][39m Driver proxy active, passing request on via HTTP proxy
[35m[WD Proxy][39m Replacing sessionId 30698ce8-93bb-4997-ac6f-2e185217a2a1 with 30cabd0d-65f9-418e-b35e-bc542a4d6417
[35m[HTTP][39m [37m<-- GET /wd/hub/session/30cabd0d-65f9-418e-b35e-bc542a4d6417/source [39m[32m200[39m [90m1144 ms - 11242[39m
[35m[HTTP][39m [90m[39m
[35m[HTTP][39m [37m-->[39m [37mGET[39m [37m/wd/hub/session/30cabd0d-65f9-418e-b35e-bc542a4d6417/screenshot[39m
[35m[HTTP][39m [90m{}[39m
[35m[HTTP][39m [37m<-- GET /wd/hub/session/30cabd0d-65f9-418e-b35e-bc542a4d6417/screenshot [39m[32m200[39m [90m905 ms - 281030[39m
[35m[HTTP][39m [90m[39m
[35m[HTTP][39m [37m-->[39m [37mPOST[39m [37m/wd/hub/session/30cabd0d-65f9-418e-b35e-bc542a4d6417/elements[39m
[35m[HTTP][39m [90m{"using":"xpath","value":"//*[@class = 'android.widget.EditText' and (@text = 'Rp 0,00' or . = 'Rp 0,00') and @resource-id = 'id.binar.fp.secondhand:id/et_product_bid_price']"}[39m
[35m[HTTP][39m [37m<-- POST /wd/hub/session/30cabd0d-65f9-418e-b35e-bc542a4d6417/elements [39m[32m200[39m [90m170 ms - 139[39m
[35m[HTTP][39m [90m[39m
[35m[HTTP][39m [37m-->[39m [37mGET[39m [37m/wd/hub/session/30cabd0d-65f9-418e-b35e-bc542a4d6417/window/rect[39m
[35m[HTTP][39m [90m{}[39m
[35m[HTTP][39m [37m<-- GET /wd/hub/session/30cabd0d-65f9-418e-b35e-bc542a4d6417/window/rect [39m[32m200[39m [90m16 ms - 50[39m
[35m[HTTP][39m [90m[39m
[35m[HTTP][39m [37m-->[39m [37mPOST[39m [37m/wd/hub/session/30cabd0d-65f9-418e-b35e-bc542a4d6417/elements[39m
[35m[HTTP][39m [90m{"using":"xpath","value":"//*[@class = 'android.widget.EditText' and (@text = 'Rp 0,00' or . = 'Rp 0,00') and @resource-id = 'id.binar.fp.secondhand:id/et_product_bid_price']"}[39m
[35m[HTTP][39m [37m<-- POST /wd/hub/session/30cabd0d-65f9-418e-b35e-bc542a4d6417/elements [39m[32m200[39m [90m397 ms - 139[39m
[35m[HTTP][39m [90m[39m
[35m[HTTP][39m [37m-->[39m [37mGET[39m [37m/wd/hub/session/30cabd0d-65f9-418e-b35e-bc542a4d6417/element/00000000-0000-0cfc-ffff-ffff000008d4/location[39m
[35m[HTTP][39m [90m{}[39m
[35m[W3C (30cabd0d)][39m Driver proxy active, passing request on via HTTP proxy
[35m[WD Proxy][39m Replacing sessionId 30698ce8-93bb-4997-ac6f-2e185217a2a1 with 30cabd0d-65f9-418e-b35e-bc542a4d6417
[35m[HTTP][39m [37m<-- GET /wd/hub/session/30cabd0d-65f9-418e-b35e-bc542a4d6417/element/00000000-0000-0cfc-ffff-ffff000008d4/location [39m[32m200[39m [90m25 ms - 78[39m
[35m[HTTP][39m [90m[39m
[35m[HTTP][39m [37m-->[39m [37mPOST[39m [37m/wd/hub/session/30cabd0d-65f9-418e-b35e-bc542a4d6417/element/00000000-0000-0cfc-ffff-ffff000008d4/clear[39m
[35m[HTTP][39m [90m{"id":"00000000-0000-0cfc-ffff-ffff000008d4"}[39m
[35m[HTTP][39m [37m<-- POST /wd/hub/session/30cabd0d-65f9-418e-b35e-bc542a4d6417/element/00000000-0000-0cfc-ffff-ffff000008d4/clear [39m[32m200[39m [90m42 ms - 14[39m
[35m[HTTP][39m [90m[39m
[35m[HTTP][39m [37m-->[39m [37mPOST[39m [37m/wd/hub/session/30cabd0d-65f9-418e-b35e-bc542a4d6417/element/00000000-0000-0cfc-ffff-ffff000008d4/value[39m
[35m[HTTP][39m [90m{"id":"00000000-0000-0cfc-ffff-ffff000008d4","text":"200000","value":["2","0","0","0","0","0"]}[39m
[35m[HTTP][39m [37m<-- POST /wd/hub/session/30cabd0d-65f9-418e-b35e-bc542a4d6417/element/00000000-0000-0cfc-ffff-ffff000008d4/value [39m[32m200[39m [90m553 ms - 14[39m
[35m[HTTP][39m [90m[39m
[35m[HTTP][39m [37m-->[39m [37mGET[39m [37m/wd/hub/session/30cabd0d-65f9-418e-b35e-bc542a4d6417/source[39m
[35m[HTTP][39m [90m{}[39m
[35m[W3C (30cabd0d)][39m Driver proxy active, passing request on via HTTP proxy
[35m[WD Proxy][39m Replacing sessionId 30698ce8-93bb-4997-ac6f-2e185217a2a1 with 30cabd0d-65f9-418e-b35e-bc542a4d6417
[35m[HTTP][39m [37m<-- GET /wd/hub/session/30cabd0d-65f9-418e-b35e-bc542a4d6417/source [39m[32m200[39m [90m132 ms - 11241[39m
[35m[HTTP][39m [90m[39m
[35m[HTTP][39m [37m-->[39m [37mGET[39m [37m/wd/hub/session/30cabd0d-65f9-418e-b35e-bc542a4d6417/screenshot[39m
[35m[HTTP][39m [90m{}[39m
[35m[HTTP][39m [37m<-- GET /wd/hub/session/30cabd0d-65f9-418e-b35e-bc542a4d6417/screenshot [39m[32m200[39m [90m890 ms - 284158[39m
[35m[HTTP][39m [90m[39m
[35m[HTTP][39m [37m-->[39m [37mPOST[39m [37m/wd/hub/session/30cabd0d-65f9-418e-b35e-bc542a4d6417/elements[39m
[35m[HTTP][39m [90m{"using":"xpath","value":"//*[@class = 'android.widget.Button' and (@text = 'Kirim' or . = 'Kirim') and @resource-id = 'id.binar.fp.secondhand:id/btn_bid']"}[39m
[35m[HTTP][39m [37m<-- POST /wd/hub/session/30cabd0d-65f9-418e-b35e-bc542a4d6417/elements [39m[32m200[39m [90m442 ms - 139[39m
[35m[HTTP][39m [90m[39m
[35m[HTTP][39m [37m-->[39m [37mGET[39m [37m/wd/hub/session/30cabd0d-65f9-418e-b35e-bc542a4d6417/window/rect[39m
[35m[HTTP][39m [90m{}[39m
[35m[HTTP][39m [37m<-- GET /wd/hub/session/30cabd0d-65f9-418e-b35e-bc542a4d6417/window/rect [39m[32m200[39m [90m21 ms - 50[39m
[35m[HTTP][39m [90m[39m
[35m[HTTP][39m [37m-->[39m [37mPOST[39m [37m/wd/hub/session/30cabd0d-65f9-418e-b35e-bc542a4d6417/elements[39m
[35m[HTTP][39m [90m{"using":"xpath","value":"//*[@class = 'android.widget.Button' and (@text = 'Kirim' or . = 'Kirim') and @resource-id = 'id.binar.fp.secondhand:id/btn_bid']"}[39m
[35m[HTTP][39m [37m<-- POST /wd/hub/session/30cabd0d-65f9-418e-b35e-bc542a4d6417/elements [39m[32m200[39m [90m163 ms - 139[39m
[35m[HTTP][39m [90m[39m
[35m[HTTP][39m [37m-->[39m [37mGET[39m [37m/wd/hub/session/30cabd0d-65f9-418e-b35e-bc542a4d6417/element/00000000-0000-0cfc-ffff-ffff000008dd/location[39m
[35m[HTTP][39m [90m{}[39m
[35m[W3C (30cabd0d)][39m Driver proxy active, passing request on via HTTP proxy
[35m[WD Proxy][39m Replacing sessionId 30698ce8-93bb-4997-ac6f-2e185217a2a1 with 30cabd0d-65f9-418e-b35e-bc542a4d6417
[35m[HTTP][39m [37m<-- GET /wd/hub/session/30cabd0d-65f9-418e-b35e-bc542a4d6417/element/00000000-0000-0cfc-ffff-ffff000008dd/location [39m[32m200[39m [90m28 ms - 78[39m
[35m[HTTP][39m [90m[39m
[35m[HTTP][39m [37m-->[39m [37mPOST[39m [37m/wd/hub/session/30cabd0d-65f9-418e-b35e-bc542a4d6417/element/00000000-0000-0cfc-ffff-ffff000008dd/click[39m
[35m[HTTP][39m [90m{"id":"00000000-0000-0cfc-ffff-ffff000008dd"}[39m
[35m[HTTP][39m [37m<-- POST /wd/hub/session/30cabd0d-65f9-418e-b35e-bc542a4d6417/element/00000000-0000-0cfc-ffff-ffff000008dd/click [39m[32m200[39m [90m83 ms - 14[39m
[35m[HTTP][39m [90m[39m
[35m[HTTP][39m [37m-->[39m [37mGET[39m [37m/wd/hub/session/30cabd0d-65f9-418e-b35e-bc542a4d6417/source[39m
[35m[HTTP][39m [90m{}[39m
[35m[W3C (30cabd0d)][39m Driver proxy active, passing request on via HTTP proxy
[35m[WD Proxy][39m Replacing sessionId 30698ce8-93bb-4997-ac6f-2e185217a2a1 with 30cabd0d-65f9-418e-b35e-bc542a4d6417
[35m[HTTP][39m [37m<-- GET /wd/hub/session/30cabd0d-65f9-418e-b35e-bc542a4d6417/source [39m[32m200[39m [90m691 ms - 50638[39m
[35m[HTTP][39m [90m[39m
[35m[HTTP][39m [37m-->[39m [37mGET[39m [37m/wd/hub/session/30cabd0d-65f9-418e-b35e-bc542a4d6417/screenshot[39m
[35m[HTTP][39m [90m{}[39m
[35m[HTTP][39m [37m<-- GET /wd/hub/session/30cabd0d-65f9-418e-b35e-bc542a4d6417/screenshot [39m[32m200[39m [90m937 ms - 351378[39m
[35m[HTTP][39m [90m[39m
[35m[HTTP][39m [37m-->[39m [37mDELETE[39m [37m/wd/hub/session/30cabd0d-65f9-418e-b35e-bc542a4d6417[39m
[35m[HTTP][39m [90m{}[39m
[35m[Appium][39m Removing session 30cabd0d-65f9-418e-b35e-bc542a4d6417 from our master session list
[35m[UiAutomator2][39m Restoring hidden api policy to the device default configuration
[35m[HTTP][39m [37m<-- DELETE /wd/hub/session/30cabd0d-65f9-418e-b35e-bc542a4d6417 [39m[32m200[39m [90m734 ms - 14[39m
[35m[HTTP][39m [90m[39m
